4984
154 188 159 189
1 116 1 125
9 65 11 67
45 6 48 7
127 205 135 205
139 218 147 218
191 72 199 72
4 42 4 53
4 82 11 82
36 179 38 181
129 213 132 214
158 225 166 225
41 248 45 249
64 226 73 226
66 248 69 249
144 58 152 58
154 125 163 125
156 146 160 147
172 158 183 158
181 216 188 216
9 245 18 245
54 198 65 198
75 175 82 175
115 112 124 112
119 14 123 15
6 70 6 80
8 154 11 156
21 160 24 161
124 217 131 217
113 46 121 46
138 178 145 178
27 19 37 19
47 123 51 124
49 6 53 7
89 228 96 228
105 161 112 161
54 240 56 243
92 211 96 212
98 92 101 94
139 191 146 191
173 8 181 8
20 216 25 217
24 143 28 144
33 24 34 29
73 50 77 51
105 22 112 22
149 64 152 65
157 232 162 233
8 0 8 7
8 93 10 95
21 112 25 113
40 1 48 1
47 56 58 56
7 76 8 80
82 122 84 124
138 192 145 192
55 167 65 167
151 38 158 38
17 184 19 186
39 228 50 228
118 107 128 107
186 246 189 247
38 30 40 33
113 100 117 101
141 8 143 10
173 153 175 155
179 199 190 199
106 170 114 170
146 225 157 225
35 185 46 185
107 32 114 32
119 214 128 214
140 208 148 208
144 207 155 207
104 45 114 45
105 232 106 235
156 192 167 192
129 113 134 114
174 92 182 92
178 152 187 152
20 119 29 119
28 93 36 93
42 180 50 180
78 243 81 244
83 55 86 56
184 54 195 54
143 180 153 180
143 201 153 201
10 11 10 20
35 146 40 147
49 71 56 71
93 5 101 5
99 85 103 86
191 1 191 11
79 165 90 165
90 172 94 173
122 81 129 81
134 128 142 128
142 25 143 29
171 186 178 186
178 34 187 34
178 119 179 124
51 173 52 176
64 74 72 74
114 93 124 93
127 229 138 229
170 221 178 221
186 149 188 151
5 11 6 14
124 75 133 75
137 26 139 28
166 164 170 165
3 243 10 243
98 106 109 106
108 99 112 100
114 164 117 166
138 62 142 63
15 88 22 88
16 205 27 205
71 159 82 159
106 162 114 162
25 226 27 228
98 20 100 22
130 175 140 175
147 115 158 115
4 83 13 83
11 218 20 218
38 41 45 41
94 60 98 61
119 121 122 122
1 28 11 28
19 96 26 96
90 125 93 127
173 234 180 234
178 86 188 86
77 234 85 234
92 99 102 99
148 129 159 129
6 54 7 57
6 113 6 124
6 142 17 142
45 43 55 43
71 245 78 245
156 2 167 2
185 222 190 223
194 84 199 85
157 49 160 51
8 158 18 158
13 105 20 105
15 48 19 49
140 89 148 89
146 228 155 228
26 83 37 83
33 126 41 126
63 189 74 189
109 10 118 10
189 86 199 86
164 26 174 26
184 132 195 132
3 187 11 187
22 61 22 72
45 115 52 115
54 119 56 122
149 29 153 30
75 31 84 31
90 154 100 154
97 53 104 53
1 131 1 141
15 152 23 152
15 167 15 177
38 68 45 68
71 182 74 184
115 183 122 183
5 161 5 170
121 161 129 161
156 52 166 52
185 193 187 196
40 99 49 99
48 148 52 149
83 175 94 175
113 87 114 91
150 32 152 35
6 85 6 92
100 172 109 172
154 36 158 37
162 143 171 143
32 61 39 61
35 28 39 29
115 162 122 162
130 17 134 18
149 108 157 108
71 158 80 158
76 40 83 40
83 89 90 89
149 137 157 137
160 79 167 79
29 106 32 108
74 15 82 15
89 29 98 29
124 134 135 134
128 128 133 129
139 105 148 105
25 165 35 165
59 192 63 193
60 73 69 73
91 213 102 213
105 91 112 91
152 179 161 179
4 84 11 84
19 136 21 139
42 86 45 87
64 92 67 93
106 224 116 224
21 147 23 149
152 235 153 239
190 51 192 53
146 113 150 114
187 144 198 144
7 89 16 89
108 158 112 159
175 81 183 81
161 181 165 182
180 189 191 189
58 162 69 162
103 153 104 157
134 104 145 104
142 95 150 95
152 125 153 128
156 44 164 44
190 183 199 183
29 155 40 155
41 146 44 147
45 137 52 137
79 82 80 86
142 197 147 198
6 152 7 156
53 163 60 163
89 203 100 203
99 25 108 25
128 4 135 4
166 220 173 220
192 209 193 212
16 129 27 129
41 230 50 230
61 140 71 140
110 39 117 39
119 246 123 247
160 195 168 195
20 61 20 72
24 100 28 101
126 96 135 96
140 134 142 136
143 55 148 56
163 147 164 151
82 63 84 65
87 163 98 163
97 2 107 2
136 215 145 215
151 103 159 103
79 215 90 215
101 17 110 17
128 62 132 63
163 7 164 12
11 147 13 149
31 0 31 7
111 222 120 222
188 193 190 196
13 188 14 191
113 167 123 167
115 41 119 42
171 93 178 93
14 220 15 223
34 104 44 104
116 185 126 185
174 167 174 175
3 126 10 126
45 146 52 146
55 9 56 14
119 88 120 91
144 106 151 106
189 111 192 113
193 51 195 53
39 247 50 247
81 59 88 59
138 116 147 116
170 131 174 132
177 142 185 142
69 49 78 49
110 1 119 1
2 142 2 149
146 22 153 22
189 249 199 249
82 224 93 224
83 162 86 164
103 210 106 211
112 194 123 194
130 98 138 98
63 180 70 180
73 204 76 205
128 155 131 156
172 14 173 18
13 202 24 202
26 156 36 156
79 76 80 81
125 97 129 98
1 43 1 50
10 2 10 10
47 28 52 29
51 126 62 126
64 87 71 87
17 206 25 206
110 132 118 132
12 199 19 199
20 117 31 117
82 240 84 242
93 7 96 9
106 220 113 220
130 143 133 145
146 42 149 44
62 201 73 201
84 125 86 128
124 73 127 74
149 97 156 97
156 116 164 116
4 141 4 151
115 68 117 71
165 58 173 58
168 169 171 171
58 53 68 53
58 149 67 149
150 188 153 189
173 235 182 235
0 12 0 19
28 180 32 181
65 15 73 15
26 24 30 25
30 150 31 154
54 221 63 221
87 210 96 210
188 173 199 173
95 143 103 143
109 72 116 72
113 152 114 155
30 36 34 37
57 248 61 249
66 77 69 78
72 77 73 82
83 193 93 193
16 240 25 240
27 94 30 96
99 145 109 145
172 121 174 124
83 105 92 105
84 102 87 103
131 40 142 40
169 64 173 65
23 64 23 72
118 59 122 60
80 213 90 213
139 188 143 189
189 80 199 80
14 14 14 22
26 232 31 233
53 1 57 2
67 216 78 216
78 62 88 62
27 211 30 212
188 1 188 11
0 97 0 107
0 232 0 240
11 70 11 80
14 50 17 51
23 88 31 88
1 51 1 61
157 204 166 204
49 23 53 24
58 118 69 118
74 162 76 164
119 62 127 62
169 146 177 146
102 179 104 181
132 217 140 217
10 192 18 192
18 180 22 181
69 53 78 53
143 232 147 233
15 33 18 34
132 90 140 90
138 232 142 233
166 5 170 6
192 238 193 241
123 155 127 156
134 120 139 121
169 103 176 103
3 242 11 242
4 116 5 120
16 132 18 134
152 54 162 54
156 5 157 10
45 61 52 61
78 134 83 135
180 30 187 30
182 184 189 184
12 152 14 154
45 236 55 236
119 10 128 10
0 0 7 0
70 162 73 164
120 42 130 42
143 246 151 246
190 184 199 184
14 40 16 42
89 59 96 59
92 49 99 49
130 16 137 16
153 28 164 28
1 237 1 245
24 0 24 8
53 137 60 137
89 158 97 158
92 25 94 27
190 138 199 138
99 104 106 104
151 209 153 211
152 170 156 171
2 120 3 124
25 164 35 164
40 3 47 3
58 123 62 124
65 14 72 14
196 166 199 168
171 164 176 165
180 22 191 22
191 68 195 69
22 18 26 19
42 16 49 16
54 104 61 104
101 20 104 22
102 216 105 217
30 125 39 125
95 25 98 26
100 9 102 11
163 237 172 237
196 120 199 122
27 132 27 139
35 9 44 9
123 248 134 248
12 159 12 170
67 122 68 125
82 145 89 145
114 113 123 113
145 81 155 81
58 179 66 179
63 231 72 231
114 220 125 220
129 219 132 221
150 229 158 229
19 24 20 27
110 13 119 13
136 22 145 22
161 105 170 105
21 104 28 104
134 31 141 31
174 111 182 111
179 184 181 186
68 120 79 120
129 153 133 154
188 152 199 152
23 46 33 46
41 118 43 121
49 245 60 245
60 171 69 171
65 5 76 5
144 25 152 25
156 154 157 158
184 25 195 25
2 68 9 68
78 68 89 68
98 216 101 217
116 212 123 212
130 19 137 19
84 82 92 82
111 246 114 247
114 109 125 109
132 127 142 127
150 76 158 76
3 202 12 202
107 104 117 104
115 184 122 184
157 247 168 247
161 178 168 178
27 26 28 30
66 191 76 191
67 19 75 19
81 167 84 168
91 3 101 3
41 30 42 33
91 117 101 117
125 224 132 224
151 112 154 114
37 108 44 108
160 84 164 85
137 122 146 122
5 52 12 52
37 165 45 165
42 100 44 102
82 76 82 86
127 83 134 83
86 20 90 21
95 12 102 12
157 149 160 150
126 241 133 241
15 188 16 191
39 118 40 121
67 210 78 210
74 132 85 132
96 20 97 24
106 67 117 67
185 226 196 226
12 63 13 67
39 161 47 161
43 23 44 26
53 91 56 92
96 58 107 58
3 136 4 140
78 199 89 199
109 30 118 30
155 47 159 48
176 109 187 109
128 188 129 192
1 193 10 193
14 38 17 39
24 248 28 249
44 198 53 198
47 171 54 171
44 85 54 85
121 99 129 99
148 205 153 206
188 30 195 30
2 150 2 160
14 113 14 120
64 6 66 9
160 169 162 171
176 101 185 101
121 223 129 223
135 181 144 181
179 89 183 90
184 80 188 81
10 132 11 137
40 55 45 56
148 159 156 159
159 11 162 12
6 182 7 186
20 195 24 196
58 82 60 84
152 15 155 16
182 6 184 8
120 97 124 98
138 190 146 190
7 70 8 75
23 16 30 16
56 87 63 87
89 155 100 155
120 1 130 1
7 145 17 145
23 97 30 97
104 61 108 62
108 7 115 7
192 242 197 243
1 192 9 192
46 18 56 18
112 196 114 199
118 39 126 39
128 215 135 215
137 100 139 102
169 13 177 13
170 100 172 102
29 68 37 68
39 23 40 27
49 49 52 51
121 89 129 89
134 154 141 154
7 170 7 180
20 199 31 199
57 131 65 131
78 143 85 143
87 162 94 162
75 28 84 28
90 37 100 37
122 127 131 127
125 140 132 140
16 161 20 162
26 122 28 124
51 76 53 79
73 95 80 95
95 172 99 173
34 210 45 210
59 3 59 10
59 119 61 122
65 168 68 170
130 32 131 36
113 223 120 223
12 54 13 59
38 117 48 117
60 113 68 113
70 83 73 84
102 73 112 73
107 34 109 36
157 213 160 214
163 126 170 126
24 211 26 214
45 246 55 246
63 110 67 111
73 166 81 166
83 109 90 109
29 70 33 71
41 155 43 158
55 129 58 130
37 217 48 217
95 74 98 75
90 247 98 247
111 148 113 151
159 40 163 41
1 1 1 9
1 35 1 42
16 239 23 239
23 167 23 175
51 225 58 225
183 105 192 105
165 46 174 46
19 85 26 85
130 9 137 9
138 213 142 214
141 46 152 46
141 217 150 217
51 196 61 196
85 63 87 65
17 40 18 44
79 210 86 210
194 139 195 143
9 30 9 37
19 40 22 41
118 205 126 205
119 9 129 9
86 10 96 10
96 146 105 146
131 59 136 60
132 167 139 167
50 164 53 165
62 132 73 132
68 42 75 42
89 226 97 226
95 183 100 184
5 127 5 135
83 117 90 117
126 26 133 26
129 168 138 168
76 221 87 221
77 190 80 191
131 29 141 29
151 162 154 163
127 176 137 176
26 112 30 113
70 47 77 47
73 176 81 176
94 76 96 79
96 31 105 31
97 71 108 71
98 103 108 103
100 72 108 72
5 208 6 213
33 9 34 13
48 192 58 192
53 108 63 108
78 225 87 225
64 156 68 157
104 223 112 223
143 15 147 16
23 54 23 63
37 23 38 27
41 151 48 151
45 241 48 243
55 222 64 222
150 232 152 234
163 232 172 232
40 60 44 61
180 241 184 242
110 147 118 147
126 12 129 13
138 149 143 150
8 216 10 218
24 242 35 242
62 228 73 228
68 111 77 111
71 219 82 219
191 222 194 223
176 12 183 12
182 135 192 135
57 81 66 81
58 134 68 134
73 220 81 220
115 179 125 179
134 155 135 160
33 168 33 177
35 14 39 15
109 182 116 182
52 36 60 36
92 101 103 101
99 163 110 163
11 226 12 230
41 203 50 203
90 60 93 61
84 23 88 24
113 117 122 117
162 31 166 32
5 70 5 80
8 235 16 235
13 179 21 179
54 60 62 60
77 167 80 168
173 63 182 63
13 107 21 107
44 37 53 37
46 168 56 168
95 181 98 182
165 160 167 163
90 167 101 167
112 173 120 173
109 196 111 199
183 128 193 128
33 106 36 108
33 179 35 181
56 174 64 174
101 1 109 1
102 39 109 39
148 232 149 236
157 169 159 171
75 118 83 118
75 180 77 183
84 45 95 45
96 240 97 243
104 119 109 120
71 207 75 208
133 149 137 150
162 216 172 216
171 20 176 21
50 118 57 118
56 210 63 210
104 117 112 117
106 123 109 125
117 26 125 26
39 89 42 90
39 199 42 201
50 179 57 179
75 107 78 108
121 88 128 88
38 83 49 83
160 136 161 141
176 210 177 215
192 22 199 22
119 147 119 155
135 58 143 58
175 33 186 33
193 155 196 157
51 247 59 247
72 87 82 87
110 123 112 125
142 166 152 166
5 51 13 51
13 159 13 166
36 85 43 85
41 35 49 35
96 83 99 84
35 84 46 84
101 126 103 128
103 177 112 177
197 154 199 157
57 125 66 125
60 75 68 75
176 229 185 229
179 46 187 46
184 114 194 114
134 112 142 112
140 6 143 7
176 31 179 32
183 130 193 130
6 138 13 138
10 159 10 167
29 143 40 143
118 68 129 68
171 5 172 8
192 35 196 36
16 227 18 229
22 177 30 177
38 73 48 73
92 66 100 66
146 67 148 69
21 218 30 218
142 78 146 79
172 112 177 113
185 164 185 175
199 229 199 236
86 190 88 192
121 238 131 238
178 245 189 245
183 156 192 156
183 164 183 174
91 171 102 171
96 161 104 161
165 62 173 62
69 136 79 136
141 36 148 36
144 5 145 10
171 217 180 217
5 105 12 105
30 196 40 196
90 207 101 207
173 156 177 157
179 67 183 68
7 208 8 213
9 1 16 1
71 148 82 148
40 125 48 125
52 95 60 95
54 63 62 63
3 240 12 240
15 248 19 249
22 176 30 176
35 12 42 12
39 122 43 123
154 203 163 203
121 90 125 91
142 234 147 235
7 131 8 135
49 59 59 59
84 235 94 235
107 230 116 230
113 201 116 202
21 219 32 219
57 9 58 14
153 56 162 56
169 134 177 134
8 157 15 157
25 45 33 45
39 124 46 124
63 172 72 172
81 186 90 186
14 2 14 13
21 9 22 12
154 185 161 185
19 29 20 34
25 195 29 196
89 19 99 19
117 230 125 230
159 161 161 163
67 212 76 212
27 85 35 85
133 152 144 152
154 92 164 92
186 100 191 101
65 232 76 232
85 88 94 88
144 33 146 35
173 184 178 185
69 141 80 141
92 229 95 231
127 67 134 67
143 194 150 194
147 118 156 118
40 112 44 113
73 172 80 172
165 63 172 63
156 215 163 215
161 117 163 119
7 58 11 59
16 141 24 141
65 222 76 222
100 173 111 173
119 17 124 18
26 183 33 183
198 202 199 205
15 153 19 154
46 160 53 160
69 75 74 76
94 85 98 86
151 148 160 148
16 56 18 59
44 163 52 163
61 50 66 51
156 172 158 174
182 64 190 64
121 141 126 142
132 21 142 21
1 71 2 76
4 182 5 186
58 29 66 29
60 65 67 65
66 91 75 91
48 131 56 131
57 153 66 153
113 73 115 75
149 105 160 105
123 137 132 137
127 141 131 142
9 113 9 124
15 127 15 138
41 234 41 243
189 218 191 220
190 159 195 160
47 80 57 80
139 0 148 0
50 101 61 101
89 23 90 27
105 18 116 18
107 141 114 141
145 186 156 186
179 225 184 226
0 77 0 86
31 220 33 223
111 14 118 14
126 23 136 23
140 155 141 159
0 67 0 76
27 192 36 192
95 56 103 56
102 121 112 121
196 218 199 220
22 179 32 179
57 18 68 18
122 241 125 242
152 77 157 78
189 89 194 90
8 63 11 64
178 231 188 231
190 98 195 99
196 131 198 133
23 28 24 32
127 146 131 147
133 138 142 138
133 240 142 240
196 117 199 119
19 100 23 101
51 194 60 194
99 141 106 141
118 227 125 227
121 206 128 206
91 129 92 133
99 54 109 54
99 169 110 169
0 1 0 11
3 236 12 236
34 70 45 70
42 0 53 0
58 132 61 133
112 244 116 245
165 61 172 61
26 39 34 39
92 50 96 51
105 46 112 46
187 1 187 11
5 85 5 95
27 150 29 152
55 147 65 147
82 181 84 183
173 49 176 50
151 61 154 63
179 154 187 154
47 84 57 84
71 157 80 157
96 159 107 159
104 244 111 244
132 207 143 207
19 167 19 177
38 64 47 64
183 92 193 92
156 207 165 207
162 198 172 198
0 117 0 126
6 143 14 143
40 159 51 159
41 222 42 226
74 54 81 54
71 154 81 154
21 29 22 34
43 12 47 13
87 226 88 231
158 122 162 123
166 119 170 120
8 30 8 37
37 222 40 224
78 47 88 47
82 125 83 128
128 249 139 249
95 27 99 28
178 167 178 177
4 12 4 19
29 42 36 42
56 74 63 74
62 196 73 196
85 226 86 231
29 69 36 69
33 204 41 204
99 60 108 60
110 62 112 65
166 169 167 174
8 8 8 16
119 28 129 28
150 149 152 151
179 51 181 54
149 126 151 128
6 1 6 10
16 241 25 241
33 0 33 8
42 174 44 176
45 54 53 54
179 191 180 195
16 13 16 22
101 47 104 48
130 188 138 188
150 172 152 174
169 7 170 12
78 169 87 169
122 21 131 21
159 177 166 177
20 0 20 9
78 206 85 206
87 238 91 239
175 116 182 116
178 187 179 190
188 163 199 163
73 66 80 66
82 22 90 22
114 95 123 95
173 89 178 90
181 191 185 192
39 214 46 214
86 223 93 223
93 194 101 194
183 107 193 107
154 22 161 22
167 205 172 206
10 248 14 249
34 6 37 7
55 112 59 113
100 0 111 0
124 189 125 192
188 60 199 60
196 23 199 25
47 199 51 200
103 63 106 65
118 123 121 124
130 223 141 223
159 186 170 186
178 55 186 55
5 15 6 19
37 232 41 233
104 139 115 139
143 126 145 128
176 153 178 155
168 249 178 249
22 90 24 92
41 189 45 190
68 225 77 225
139 193 149 193
153 46 164 46
50 121 53 122
53 61 62 61
85 167 89 168
102 206 106 207
103 241 111 241
61 215 66 216
65 173 68 174
150 83 157 83
151 66 162 66
6 47 17 47
36 244 45 244
72 121 83 121
88 181 90 184
98 240 100 243
29 56 30 59
86 152 97 152
137 234 141 235
138 32 149 32
142 223 153 223
47 227 57 227
140 87 151 87
162 22 169 22
178 134 187 134
188 185 199 185
162 133 173 133
162 160 164 163
76 192 85 192
109 152 110 157
110 226 118 226
121 222 132 222
137 74 148 74
96 115 104 115
143 20 154 20
169 151 176 151
10 226 10 233
16 127 24 127
19 95 26 95
49 1 52 2
70 77 71 81
182 244 193 244
13 239 15 241
64 192 75 192
81 214 92 214
137 47 148 47
158 77 161 78
115 31 118 33
136 247 145 247
152 26 163 26
164 226 168 227
6 144 13 144
19 243 29 243
23 188 26 190
45 237 46 240
64 239 65 243
5 171 5 180
37 43 44 43
37 56 39 58
45 235 55 235
129 170 130 174
108 129 117 129
161 196 171 196
184 12 193 12
30 178 39 178
34 235 35 239
66 181 67 185
78 10 85 10
84 134 88 135
186 1 186 11
111 169 122 169
132 237 137 238
136 134 139 136
151 95 161 95
177 94 187 94
16 159 19 160
41 23 42 27
110 82 117 82
189 126 199 126
9 97 17 97
35 141 46 141
86 143 94 143
118 104 121 105
154 237 162 237
179 9 182 11
35 36 38 37
60 203 62 205
67 160 70 161
78 137 86 137
121 56 131 56
88 72 99 72
101 105 108 105
127 170 128 173
1 179 4 180
8 38 11 39
55 25 58 26
55 229 63 229
75 90 85 90
134 196 143 196
144 185 153 185
162 167 169 167
115 116 126 116
128 119 136 119
135 71 143 71
5 50 13 50
45 9 47 11
52 123 57 124
79 53 86 53
108 15 118 15
20 188 22 190
43 110 47 111
97 170 105 170
130 192 137 192
191 117 195 118
0 29 1 34
11 215 13 217
14 54 22 54
138 55 142 56
173 223 184 223
22 136 24 139
24 146 26 148
173 191 176 192
188 42 195 42
5 111 16 111
27 235 30 237
57 143 67 143
111 83 115 84
119 63 127 63
172 179 179 179
176 114 183 114
91 34 95 35
95 195 102 195
108 2 116 2
118 100 122 101
168 33 173 34
159 172 161 174
65 44 73 44
78 180 86 180
107 185 115 185
134 48 142 48
145 17 154 17
37 172 44 172
60 247 67 247
180 42 187 42
189 216 199 216
32 232 36 233
76 8 77 13
136 200 143 200
149 74 157 74
168 136 179 136
143 142 148 143
18 47 28 47
57 141 68 141
65 96 66 100
70 137 77 137
85 246 89 247
182 240 191 240
51 189 62 189
90 111 101 111
143 213 146 214
153 32 154 35
175 130 182 130
37 42 45 42
58 19 66 19
59 30 70 30
1 228 1 236
101 203 110 203
153 57 161 57
156 72 163 72
0 207 0 215
52 156 54 159
140 25 141 28
190 153 199 153
28 225 29 228
54 76 56 79
57 44 64 44
88 69 98 69
147 88 155 88
18 9 18 17
71 227 80 227
93 179 94 184
107 96 116 96
189 188 196 188
147 172 149 174
166 156 169 157
14 156 25 156
39 65 48 65
98 52 107 52
99 29 109 29
100 61 103 62
27 64 37 64
100 19 107 19
130 161 137 161
182 203 185 204
188 33 199 33
123 148 124 151
127 162 131 163
161 246 169 246
10 150 14 151
29 26 30 29
72 218 82 218
74 122 75 125
121 171 123 173
195 222 199 223
3 206 7 207
155 75 165 75
86 25 88 27
116 229 126 229
128 120 129 124
194 129 198 130
28 21 30 23
39 152 41 154
67 200 78 200
168 162 175 162
186 201 197 201
157 175 164 175
173 193 176 195
11 13 11 24
15 238 22 238
86 3 90 4
113 78 115 80
125 228 133 228
142 147 151 147
47 76 48 79
67 179 76 179
79 75 86 75
100 8 108 8
111 51 120 51
4 81 12 81
53 9 54 14
64 105 74 105
83 76 83 87
154 236 163 236
69 181 70 184
115 211 122 211
146 153 149 154
134 144 143 144
189 177 199 177
18 99 27 99
40 195 49 195
79 49 87 49
105 219 116 219
117 206 120 208
147 13 156 13
166 23 169 24
174 2 177 4
83 12 94 12
83 57 90 57
97 210 99 212
113 62 115 65
139 222 148 222
135 225 145 225
28 184 31 186
49 57 56 57
64 90 74 90
100 76 105 77
120 232 129 232
93 40 103 40
106 23 114 23
109 227 117 227
28 204 32 205
36 174 38 177
60 240 62 243
62 197 73 197
79 70 84 71
154 126 162 126
189 97 196 97
4 58 6 60
86 106 97 106
159 190 162 191
188 212 191 214
195 189 196 192
78 238 86 238
128 32 129 36
137 219 140 220
147 60 154 60
171 30 179 30
71 40 75 41
75 189 86 189
95 88 96 91
140 100 148 100
171 76 179 76
62 3 63 8
159 127 163 128
195 229 198 231
197 113 199 115
20 246 28 246
84 85 87 86
107 164 109 166
133 201 142 201
12 127 12 137
13 198 23 198
89 120 93 121
114 34 117 35
127 200 135 200
103 99 107 100
107 102 114 102
126 119 127 122
9 99 17 99
16 136 18 139
36 45 37 50
42 52 53 52
60 1 71 1
143 62 150 62
146 219 155 219
3 52 3 60
40 28 43 29
49 117 57 117
130 226 141 226
96 229 98 231
111 152 112 155
16 2 16 12
30 225 32 227
32 151 40 151
103 242 111 242
143 138 151 138
167 147 168 152
136 236 147 236
195 110 196 115
196 77 199 79
2 161 4 163
14 163 17 164
92 87 101 87
125 71 134 71
169 183 172 185
164 127 172 127
165 84 173 84
188 166 190 168
37 156 40 157
80 203 88 203
122 145 129 145
127 118 137 118
142 139 151 139
162 200 172 200
170 55 177 55
180 69 190 69
102 3 112 3
121 50 125 51
123 45 130 45
147 52 155 52
149 99 151 101
67 17 74 17
68 181 68 188
105 47 109 48
111 81 121 81
120 213 128 213
5 150 9 151
32 150 39 150
186 51 189 53
116 143 125 143
177 50 186 50
88 2 96 2
127 54 131 55
136 169 139 171
126 143 129 144
165 47 174 47
17 114 18 119
20 167 20 177
56 3 58 6
94 67 105 67
118 125 119 129
183 116 190 116
8 206 11 207
92 190 94 192
94 39 101 39
124 247 135 247
139 202 146 202
26 234 35 234
107 150 110 151
143 169 145 171
174 222 184 222
188 44 199 44
15 86 25 86
22 106 25 108
24 34 35 34
35 10 44 10
100 49 109 49
94 221 98 222
125 164 128 166
6 136 9 137
57 240 59 243
78 11 88 11
122 105 126 106
174 87 179 88
181 61 188 61
86 138 97 138
123 216 132 216
131 57 140 57
140 61 150 61
148 249 159 249
196 139 199 140
32 72 39 72
114 92 123 92
162 179 171 179
164 80 173 80
191 119 193 122
133 103 140 103
153 27 161 27
189 56 197 56
61 178 69 178
76 149 83 149
95 235 104 235
101 30 108 30
127 185 138 185
21 0 21 8
134 32 135 37
168 72 172 73
184 159 189 160
186 59 197 59
155 138 157 140
157 118 160 119
39 177 48 177
51 203 59 203
92 102 97 103
119 47 126 47
25 202 34 202
55 170 59 171
70 104 81 104
1 196 10 196
4 228 7 229
12 70 12 80
17 17 17 25
18 102 28 102
92 205 101 205
183 179 184 183
64 210 66 212
162 172 165 174
169 231 177 231
179 145 188 145
24 208 26 210
29 35 40 35
49 216 60 216
68 71 78 71
154 197 155 201
17 235 26 235
114 146 122 146
125 69 133 69
154 29 165 29
176 9 178 11
72 48 80 48
104 78 106 80
111 178 112 181
103 229 106 231
151 230 154 231
2 225 2 233
6 112 14 112
12 84 23 84
53 66 63 66
98 158 107 158
27 60 28 63
73 74 82 74
110 49 121 49
166 74 169 75
172 117 176 118
160 42 171 42
190 18 193 20
26 167 33 167
34 89 38 90
44 157 47 158
175 226 178 228
180 23 183 25
183 76 185 78
52 41 59 41
53 33 62 33
96 189 103 189
113 190 115 193
164 180 175 180
35 199 38 201
45 104 53 104
124 209 127 210
53 106 56 107
151 31 158 31
164 203 175 203
190 232 198 232
194 238 196 241
3 173 4 178
57 110 62 111
93 89 94 94
140 41 149 41
198 196 199 201
4 246 6 249
78 3 81 4
99 63 102 65
140 167 147 167
176 14 177 18
124 22 135 22
151 181 155 182
157 19 164 19
5 110 16 110
43 222 54 222
82 220 93 220
84 83 91 83
99 26 107 26
26 206 34 206
121 187 129 187
145 108 148 110
160 188 165 189
190 206 195 207
35 103 44 103
48 32 59 32
50 82 53 83
76 207 80 208
116 131 123 131
22 200 26 201
132 54 141 54
146 48 148 51
173 22 175 24
10 183 12 186
28 0 28 7
30 208 32 210
51 132 53 134
124 31 133 31
123 59 126 60
124 171 126 173
156 197 157 201
45 234 55 234
49 73 59 73
88 90 90 93
88 136 99 136
113 21 116 22
168 176 175 176
194 247 199 248
36 193 39 195
72 65 81 65
87 189 95 189
103 112 114 112
142 131 151 131
92 20 93 24
160 134 168 134
23 33 34 33
24 230 32 230
49 100 58 100
74 60 79 61
85 60 89 61
17 207 24 207
39 229 50 229
106 142 114 142
132 178 137 179
142 54 151 54
2 20 7 21
38 110 42 111
44 14 47 15
63 37 72 37
81 196 86 197
172 31 175 32
183 140 193 140
185 1 185 8
13 103 24 103
28 244 35 244
30 55 39 55
87 32 92 33
154 40 155 44
175 125 182 125
187 57 192 58
0 56 0 66
29 114 33 115
50 99 58 99
57 46 65 46
113 121 118 122
1 214 10 214
86 234 96 234
90 145 98 145
130 120 133 121
174 79 185 79
4 226 9 227
29 44 36 44
64 0 75 0
70 194 80 194
198 242 199 246
135 67 145 67
153 149 156 150
2 29 2 36
4 96 5 100
9 159 9 167
39 17 46 17
47 202 58 202
102 132 109 132
102 187 111 187
7 147 10 149
27 188 34 188
35 211 37 213
40 114 48 114
81 76 81 86
184 239 191 239
15 121 16 125
87 128 96 128
108 213 119 213
140 195 150 195
168 218 172 219
149 23 157 23
190 237 199 237
1 10 1 21
3 22 4 27
3 204 10 204
9 244 17 244
16 167 16 177
13 227 15 230
136 227 143 227
163 66 173 66
73 109 82 109
73 143 77 144
91 57 99 57
100 41 105 42
136 141 140 142
152 178 160 178
166 241 169 242
177 96 181 97
64 235 74 235
72 63 75 64
90 199 101 199
103 9 105 12
147 59 155 59
183 235 185 237
197 34 199 36
53 140 60 140
54 145 62 145
81 66 91 66
146 247 156 247
196 213 199 215
108 178 110 181
133 137 140 137
146 209 150 210
19 93 27 93
29 144 38 144
29 246 36 246
96 45 103 45
98 129 107 129
101 183 105 184
172 159 183 159
122 54 126 55
15 151 23 151
34 167 34 177
53 15 58 16
54 164 61 164
78 111 89 111
47 188 58 188
55 190 66 190
167 225 178 225
170 67 171 70
45 153 56 153
65 70 76 70
158 94 165 94
183 175 184 178
29 66 40 66
98 24 109 24
188 164 199 164
35 188 46 188
60 182 61 187
69 204 72 205
21 13 22 16
56 105 63 105
62 101 66 102
105 20 113 20
155 152 164 152
183 143 190 143
195 26 199 27
5 3 5 10
120 12 123 13
123 115 134 115
164 128 174 128
183 17 186 19
7 91 15 91
137 204 144 204
138 230 145 230
159 229 167 229
130 49 132 51
142 216 152 216
185 180 187 183
189 82 199 82
193 57 197 58
25 166 34 166
124 30 131 30
143 48 145 51
6 127 6 135
70 114 77 114
177 103 186 103
62 121 71 121
83 99 86 100
109 103 120 103
135 239 142 239
64 38 75 38
91 14 93 16
177 71 179 73
177 117 177 124
6 230 7 235
45 147 54 147
83 50 87 51
118 34 123 35
130 89 139 89
0 127 0 135
44 34 51 34
126 108 130 109
126 130 136 130
180 215 191 215
122 29 130 29
129 88 137 88
189 228 194 229
18 18 18 25
34 105 45 105
77 179 86 179
88 240 89 243
102 167 112 167
180 176 181 179
67 158 70 159
72 150 82 150
78 217 85 217
109 201 112 202
130 12 134 13
63 122 66 124
92 95 101 95
128 74 136 74
149 222 156 222
165 209 166 214
58 156 60 159
118 186 129 186
144 196 151 196
182 248 193 248
93 196 97 197
105 32 106 36
11 169 11 179
49 219 53 220
69 237 78 237
71 203 79 203
93 73 101 73
18 61 19 64
20 248 23 249
56 176 63 176
126 230 137 230
104 56 111 56
3 127 3 135
12 200 15 201
31 211 34 212
62 69 71 69
81 20 85 21
140 113 145 114
52 96 54 98
87 55 98 55
134 69 141 69
134 131 141 131
135 17 140 18
3 188 5 191
61 199 65 200
71 156 80 156
114 85 117 86
109 238 120 238
111 37 119 37
133 117 142 117
18 145 27 145
27 245 36 245
28 220 30 223
66 52 77 52
99 179 101 181
185 72 190 73
125 234 128 235
128 87 139 87
175 241 179 242
188 147 198 147
10 54 11 57
12 220 13 223
32 98 41 98
89 202 97 202
166 29 177 29
45 129 49 130
125 150 128 151
130 46 140 46
33 225 35 227
51 228 54 229
64 54 73 54
119 87 127 87
149 130 157 130
113 99 120 99
116 19 124 19
126 227 135 227
43 30 45 32
48 64 57 64
155 230 159 231
176 22 179 24
133 95 141 95
148 107 156 107
149 110 160 110
12 28 22 28
46 118 47 122
73 32 84 32
74 196 79 197
131 172 133 174
162 205 166 206
179 65 183 66
181 234 190 234
11 188 12 191
85 172 89 173
160 96 167 96
197 225 199 228
151 194 158 194
152 106 163 106
190 182 199 182
37 81 47 81
48 46 52 47
62 230 69 230
117 152 117 159
131 108 140 108
51 205 59 205
131 202 138 202
137 86 145 86
163 30 170 30
188 78 195 78
20 114 23 115
45 60 53 60
48 142 57 142
68 57 76 57
92 204 101 204
2 169 2 178
91 54 98 54
152 100 155 102
21 167 21 177
47 44 56 44
82 166 90 166
172 143 182 143
4 101 4 111
49 217 57 217
117 72 124 72
136 4 143 4
164 117 165 121
10 40 11 44
79 6 86 6
115 130 125 130
85 28 94 28
127 47 136 47
153 143 161 143
2 216 2 224
25 103 34 103
33 161 38 162
36 164 36 173
67 107 74 107
188 180 189 183
43 199 46 200
64 237 68 238
67 97 76 97
94 223 103 223
105 140 116 140
196 123 199 125
11 214 22 214
102 87 102 95
103 92 105 95
123 117 132 117
182 13 186 14
118 231 129 231
32 73 37 74
66 28 74 28
138 172 140 174
23 0 23 8
115 87 116 91
142 183 146 184
182 224 189 224
111 206 116 207
154 132 163 132
5 106 13 106
11 213 22 213
17 1 17 8
69 113 79 113
152 183 156 184
35 11 44 11
63 48 71 48
124 95 132 95
191 234 198 234
112 187 120 187
122 49 129 49
15 146 23 146
138 15 142 16
194 8 195 12
5 218 6 223
19 245 26 245
22 163 24 165
100 210 102 212
165 81 174 81
173 197 176 198
3 201 11 201
12 32 14 34
63 126 65 128
138 75 143 76
144 75 154 75
43 46 47 47
47 27 56 27
69 122 72 123
124 193 126 195
158 108 167 108
32 149 41 149
50 11 51 16
13 236 17 237
19 42 20 46
176 100 185 100
25 56 28 57
43 201 52 201
76 155 87 155
116 83 126 83
146 86 156 86
192 218 195 220
140 83 144 84
0 144 0 151
5 30 5 38
26 49 33 49
96 109 106 109
125 112 133 112
20 74 28 74
112 40 121 40
132 78 136 79
165 88 173 88
132 155 133 160
133 122 136 123
141 137 148 137
4 225 13 225
27 0 27 11
67 224 78 224
90 119 101 119
106 9 108 12
168 2 173 3
109 186 117 186
141 219 145 220
171 105 182 105
19 125 29 125
36 140 44 140
44 118 45 123
55 155 62 155
80 178 88 178
176 59 185 59
24 215 34 215
116 7 124 7
134 6 139 7
156 1 165 1
54 132 57 134
132 91 140 91
137 52 146 52
171 19 179 19
54 231 62 231
60 195 70 195
98 132 101 133
120 151 121 155
132 32 133 36
175 167 175 175
34 130 44 130
73 3 77 4
77 205 87 205
104 85 107 86
105 87 106 90
75 105 82 105
92 218 99 218
188 84 193 85
194 161 199 162
22 78 24 80
133 219 136 220
73 239 74 244
112 241 116 242
134 241 142 241
136 53 147 53
146 120 149 121
188 174 199 174
189 1 189 11
13 127 13 137
32 197 39 197
73 14 82 14
108 215 115 215
120 147 121 150
193 0 193 11
20 78 21 81
22 20 27 21
76 91 85 91
78 69 87 69
137 130 148 130
32 101 35 102
39 162 49 162
68 20 75 20
152 4 155 5
41 59 48 59
63 86 70 86
107 133 110 135
115 188 125 188
111 50 120 50
137 162 142 163
54 3 55 6
65 40 70 41
78 114 85 114
94 233 104 233
98 196 101 198
180 136 191 136
192 213 195 215
18 69 19 74
44 95 45 98
46 213 53 213
70 22 81 22
102 196 104 199
3 3 3 14
69 238 77 238
110 54 121 54
144 144 154 144
188 146 198 146
91 20 91 27
130 77 131 81
169 147 176 147
188 109 196 109
190 203 197 203
195 194 199 195
93 30 100 30
103 164 106 166
117 96 125 96
174 9 175 12
189 200 197 200
98 32 102 33
144 64 148 65
152 40 153 44
10 113 10 124
32 62 35 63
58 79 62 80
59 188 67 188
96 97 104 97
17 120 18 125
92 43 97 44
147 183 151 184
90 104 98 104
12 155 20 155
46 62 57 62
75 75 75 85
82 129 85 131
169 150 176 150
156 4 164 4
178 146 187 146
191 167 195 168
12 82 22 82
20 193 29 193
27 247 38 247
68 246 71 247
117 232 119 235
44 91 48 92
88 38 93 39
93 82 100 82
135 246 142 246
154 127 158 128
15 93 18 95
115 203 119 204
136 49 138 51
13 2 13 10
161 49 166 50
29 14 34 15
146 212 157 212
8 40 9 44
40 2 48 2
56 109 64 109
66 89 74 89
122 6 133 6
179 75 187 75
182 212 187 213
35 231 43 231
38 142 47 142
43 89 54 89
49 193 58 193
77 72 87 72
0 136 0 143
61 245 70 245
156 218 163 218
168 163 178 163
177 150 181 151
36 18 45 18
71 30 82 30
122 104 133 104
127 193 130 195
134 75 137 76
30 52 41 52
62 219 70 219
127 85 135 85
195 0 197 3
68 143 72 144
71 233 81 233
123 211 131 211
164 72 167 73
180 214 187 214
107 210 118 210
125 135 130 136
148 96 159 96
0 216 1 219
27 40 37 40
44 145 53 145
66 126 68 128
84 148 89 149
194 211 199 212
38 237 40 240
52 248 56 249
78 228 80 230
103 174 110 174
42 154 53 154
45 132 46 136
112 0 120 0
121 208 131 208
93 6 102 6
155 112 157 114
159 101 166 101
177 164 181 165
4 224 12 224
17 112 20 113
106 27 110 28
134 110 139 111
185 87 196 87
155 60 156 63
193 110 194 113
107 211 114 211
119 176 126 176
151 213 156 214
19 114 19 124
45 172 54 172
53 173 55 176
83 211 87 212
104 126 107 128
17 36 24 36
61 156 63 159
74 27 85 27
125 16 127 19
196 141 198 143
52 48 62 48
127 39 136 39
166 130 174 130
127 116 137 116
171 181 175 182
3 30 3 39
61 163 69 163
97 50 101 51
116 78 119 80
126 15 137 15
98 23 105 23
148 93 159 93
181 104 192 104
190 37 199 37
7 113 7 124
29 67 38 67
29 90 31 92
34 22 41 22
119 64 123 65
5 108 9 109
18 39 25 39
18 163 21 164
29 104 33 105
101 153 102 157
39 38 44 39
43 232 43 243
123 199 131 199
133 224 144 224
175 187 177 190
49 106 52 108
106 190 108 192
169 209 170 214
134 124 137 126
136 11 143 11
171 57 182 57
25 128 32 128
27 208 29 210
43 219 48 220
60 20 67 20
122 244 125 245
20 159 27 159
50 35 59 35
67 6 67 13
196 40 199 42
196 206 199 208
8 234 19 234
14 83 25 83
49 95 51 98
167 86 177 86
176 5 184 5
102 5 109 5
158 5 161 6
42 181 49 181
52 58 63 58
77 222 87 222
85 181 87 183
97 88 101 89
147 202 157 202
188 28 199 28
5 22 7 25
40 45 42 47
73 145 81 145
111 48 122 48
118 148 118 159
16 230 23 230
24 167 25 171
61 166 72 166
104 143 115 143
119 118 126 118
79 216 86 216
16 200 21 201
23 98 31 98
25 31 29 32
27 38 34 38
52 21 55 22
134 64 138 65
12 187 20 187
66 2 75 2
132 55 137 56
83 133 90 133
122 69 124 71
124 53 135 53
177 167 177 177
8 228 9 233
50 102 61 102
54 160 63 160
64 23 69 24
144 91 153 91
120 135 124 136
3 203 13 203
26 120 29 121
54 23 63 23
58 244 65 244
77 115 85 115
130 190 137 190
159 31 161 33
164 137 167 139
3 208 4 213
11 159 11 168
38 19 41 20
56 173 64 173
117 52 126 52
168 108 172 109
0 35 0 44
91 4 98 4
0 182 1 186
34 129 44 129
89 134 93 135
91 89 92 93
190 245 193 247
31 118 38 118
55 116 66 116
97 7 99 10
141 57 148 57
61 95 68 95
123 146 126 147
152 196 160 196
175 26 186 26
165 28 173 28
51 166 54 167
60 135 68 135
73 45 83 45
146 76 149 77
152 87 161 87
178 1 179 4
71 160 74 161
91 70 96 71
94 206 101 206
97 234 104 234
123 196 133 196
59 56 66 56
132 162 136 163
60 112 67 112
176 167 176 177
143 112 150 112
1 210 2 213
102 194 111 194
108 19 115 19
108 144 117 144
122 157 124 159
187 55 197 55
3 102 3 111
6 61 7 64
68 165 78 165
72 102 83 102
119 190 121 193
174 62 182 62
46 49 48 51
65 10 66 13
130 191 138 191
131 195 139 195
155 20 159 21
57 49 60 51
100 107 107 107
165 228 174 228
46 30 51 31
57 106 68 106
182 211 191 211
3 198 12 198
34 75 43 75
42 179 49 179
72 43 83 43
81 248 85 249
54 7 58 8
63 85 74 85
75 153 83 153
80 119 89 119
102 98 113 98
71 46 82 46
94 133 96 135
131 193 138 193
146 170 151 171
160 34 167 34
113 177 114 181
51 240 53 243
59 206 69 206
64 229 73 229
87 218 91 219
153 232 156 233
154 235 163 235
130 64 133 66
143 66 150 66
35 136 38 137
84 76 85 79
87 164 94 164
195 4 199 5
16 130 21 131
53 201 61 201
108 58 115 58
156 59 163 59
160 164 165 165
167 209 168 214
170 74 173 75
170 199 178 199
14 127 14 138
25 161 32 161
69 185 73 186
77 198 85 198
154 226 157 227
45 106 48 108
74 33 78 34
105 148 110 149
113 161 120 161
71 133 82 133
180 76 182 78
132 183 141 183
140 102 151 102
19 12 19 23
43 223 52 223
50 88 61 88
90 52 97 52
107 4 115 4
48 231 53 232
176 44 184 44
112 56 120 56
129 10 137 10
133 213 137 214
123 48 133 48
133 100 136 101
148 238 149 242
26 231 34 231
77 5 84 5
82 54 90 54
92 219 103 219
103 14 110 14
150 1 155 2
43 226 51 226
62 88 73 88
138 43 141 44
140 120 145 121
12 219 20 219
62 138 67 139
106 212 107 217
136 85 144 85
146 1 149 2
68 138 71 139
91 147 101 147
95 248 99 249
109 8 113 9
4 216 4 223
35 166 35 177
38 213 45 213
102 209 109 209
165 187 172 187
178 13 181 14
3 200 11 200
46 170 54 170
62 227 70 227
153 117 160 117
170 121 171 124
162 199 169 199
166 91 174 91
179 74 187 74
28 129 33 130
94 193 103 193
115 197 122 197
150 244 161 244
152 138 154 140
184 65 186 68
184 158 195 158
183 111 185 113
188 45 199 45
20 10 20 17
30 31 34 32
46 138 50 139
129 86 136 86
174 238 181 238
139 164 143 165
143 238 144 241
179 163 186 163
28 20 37 20
56 191 65 191
88 221 93 222
89 129 90 132
127 105 138 105
186 110 188 113
137 59 142 60
9 2 9 12
11 126 20 126
13 184 16 186
19 226 21 229
113 158 116 159
107 43 115 43
122 40 130 40
144 172 146 175
35 13 42 13
35 119 36 123
64 181 65 185
94 64 98 65
98 208 105 208
181 193 184 194
164 104 171 104
43 21 51 21
77 75 77 85
115 27 118 28
134 139 141 139
142 31 150 31
37 245 48 245
67 56 76 56
106 113 109 114
113 123 115 125
178 112 182 113
21 162 32 162
54 24 63 24
62 248 65 249
104 189 111 189
158 248 169 248
60 35 71 35
132 92 140 92
1 62 1 70
83 147 90 147
108 107 117 107
180 16 190 16
197 94 198 99
13 113 13 120
16 69 17 74
22 120 23 124
24 150 26 152
137 23 148 23
106 208 116 208
114 110 121 110
0 199 0 206
20 73 28 73
38 234 40 236
50 25 54 26
52 199 55 200
82 233 93 233
105 108 116 108
167 52 171 53
196 104 199 106
29 47 33 48
32 136 34 139
149 142 152 143
84 118 91 118
146 161 154 161
158 176 167 176
113 3 120 3
153 142 162 142
17 188 19 190
24 65 27 66
50 72 58 72
89 144 97 144
112 216 122 216
133 209 137 210
148 160 156 160
188 102 197 102
6 188 8 191
10 70 10 80
54 209 65 209
105 178 107 181
117 241 121 242
93 32 97 33
111 55 121 55
138 209 145 209
13 224 22 224
16 63 17 67
18 147 20 149
45 25 49 26
92 107 99 107
103 190 105 192
164 112 167 114
166 188 170 189
170 246 180 246
68 149 75 149
74 226 84 226
132 244 137 245
136 132 143 132
178 84 181 85
145 18 154 18
156 228 164 228
178 27 186 27
50 103 60 103
51 230 61 230
81 37 89 37
101 240 102 243
106 236 114 236
194 65 199 66
61 150 71 150
102 117 103 120
102 204 110 204
194 107 199 108
48 144 56 144
81 157 89 157
83 227 84 231
95 46 104 46
175 131 178 133
31 112 39 112
94 177 102 177
139 98 147 98
165 48 175 48
168 77 171 79
4 127 4 135
89 190 91 192
137 123 145 123
139 185 143 186
15 77 23 77
47 210 51 211
136 33 139 35
144 227 153 227
177 201 185 201
184 119 187 121
8 96 18 96
26 191 36 191
31 235 33 238
86 140 97 140
131 148 132 152
79 236 82 237
165 44 175 44
196 53 199 54
180 15 187 15
56 182 57 187
57 144 67 144
61 82 63 84
146 155 147 160
148 177 158 177
25 60 26 64
34 113 39 114
38 74 47 74
128 16 129 19
20 153 25 154
42 62 45 63
174 14 175 18
101 122 102 125
191 141 193 143
0 108 0 116
3 205 10 205
14 159 15 162
21 42 22 46
40 77 42 80
132 146 139 146
52 75 59 75
110 164 113 166
160 135 171 135
160 197 161 202
199 88 199 99
35 160 45 160
109 105 117 105
32 0 32 7
65 16 74 16
165 240 173 240
88 36 95 36
138 97 148 97
189 83 199 83
1 164 2 168
16 128 24 128
53 49 56 51
62 104 69 104
80 113 91 113
41 138 45 139
45 23 48 24
85 31 95 31
111 76 115 77
192 38 193 41
13 167 14 171
122 30 123 33
168 114 175 114
172 96 176 97
189 95 196 95
86 129 88 132
133 221 138 222
173 219 181 219
177 233 187 233
19 132 22 134
153 166 160 166
156 88 164 88
168 235 172 236
15 150 23 150
16 204 27 204
56 246 67 246
127 59 130 60
130 68 141 68
170 202 177 202
191 31 195 32
80 55 82 57
128 177 135 177
170 38 179 38
5 136 5 144
24 114 28 115
47 109 55 109
74 201 85 201
123 120 125 122
84 107 91 107
125 7 133 7
131 42 141 42
185 241 188 242
49 128 58 128
101 244 103 247
136 155 137 160
141 111 152 111
185 106 192 106
59 72 67 72
121 243 131 243
147 122 157 122
162 202 169 202
198 55 199 59
35 187 43 187
36 225 40 226
91 187 101 187
108 212 115 212
121 0 129 0
180 70 181 73
4 54 5 57
41 132 42 137
46 87 55 87
145 152 154 152
150 240 153 242
110 106 121 106
153 55 160 55
22 0 22 8
32 152 34 154
61 36 68 36
86 151 97 151
108 59 117 59
177 147 187 147
188 48 199 48
10 246 19 246
14 183 25 183
40 6 44 7
87 216 97 216
150 94 157 94
63 63 71 63
118 67 126 67
123 236 134 236
51 237 62 237
61 114 69 114
95 162 105 162
138 237 149 237
100 200 109 200
180 166 181 170
176 230 185 230
100 27 105 28
143 63 150 63
154 209 157 211
167 7 168 12
169 148 177 148
25 75 29 76
33 219 42 219
111 66 120 66
3 241 12 241
36 101 41 102
82 73 92 73
86 206 93 206
186 228 188 230
13 52 20 52
37 171 46 171
99 229 102 231
30 131 39 131
60 211 63 212
97 76 99 79
159 109 167 109
48 161 58 161
114 228 124 228
1 89 1 98
22 229 29 229
156 224 165 224
191 16 196 17
196 74 199 76
188 134 198 134
16 220 18 223
71 86 78 86
78 106 85 106
170 167 173 168
176 77 179 78
72 9 73 13
112 6 121 6
196 158 199 160
73 173 80 173
134 164 138 165
136 72 145 72
24 67 25 72
25 26 26 30
30 75 33 76
42 208 50 208
66 198 71 199
155 144 166 144
166 245 177 245
175 141 185 141
194 150 199 151
175 34 177 37
25 141 34 141
110 87 112 90
111 156 114 157
165 175 173 175
174 64 181 64
171 43 182 43
172 196 180 196
6 141 15 141
12 38 13 42
53 70 64 70
128 125 133 126
160 93 170 93
9 208 10 211
37 218 48 218
93 153 100 153
107 231 108 235
166 223 171 224
27 189 30 190
115 180 124 180
20 48 28 48
34 0 36 2
50 112 54 113
53 215 60 215
163 190 167 191
11 243 18 243
32 77 39 77
62 133 70 133
114 97 119 98
11 85 18 85
14 180 17 181
40 49 45 50
6 40 7 44
59 148 70 148
80 162 82 164
132 211 139 211
144 26 151 26
175 91 185 91
189 145 198 145
182 21 193 21
182 117 183 121
58 31 66 31
63 203 70 203
77 139 88 139
116 138 123 138
154 91 165 91
120 25 131 25
130 27 133 28
182 51 185 53
189 96 196 96
5 101 8 102
125 70 133 70
15 29 18 30
53 115 64 115
89 139 98 139
159 102 166 102
189 176 199 176
173 239 183 239
187 163 187 174
14 216 19 217
33 132 35 135
90 6 92 9
120 78 123 80
130 94 140 94
154 49 156 51
3 151 3 160
24 54 24 64
140 245 151 245
145 204 156 204
152 79 159 79
152 68 155 69
8 152 11 153
19 56 20 59
79 34 90 34
97 59 107 59
98 131 105 131
11 93 14 95
18 167 18 177
79 29 88 29
34 127 44 127
45 143 56 143
100 57 109 57
10 219 11 223
10 247 17 247
14 193 16 196
18 225 27 225
24 77 31 77
165 147 166 152
165 222 173 222
167 31 171 32
111 41 114 42
25 184 27 186
31 59 40 59
32 109 37 110
75 17 84 17
81 194 92 194
88 101 91 103
120 125 121 129
131 170 135 171
16 91 21 92
27 172 29 175
117 2 124 2
124 160 131 160
157 62 161 63
132 30 143 30
2 112 2 119
21 17 29 17
48 173 50 176
108 44 117 44
121 66 129 66
139 221 147 221
63 11 64 16
68 151 75 151
84 112 93 112
87 137 94 137
116 84 124 84
47 166 50 167
166 122 169 124
194 119 195 122
1 246 3 249
27 18 35 18
28 145 35 145
180 98 189 98
49 68 51 70
134 153 145 153
164 215 173 215
180 190 191 190
118 75 120 77
196 50 199 52
7 90 16 90
26 86 30 87
26 153 29 154
83 116 94 116
97 122 98 126
16 157 26 157
52 226 63 226
67 50 72 51
84 108 93 108
161 112 163 114
161 241 165 242
187 50 195 50
31 148 41 148
32 158 34 160
42 126 50 126
108 216 111 217
125 2 132 2
75 239 86 239
100 227 108 227
134 70 143 70
152 146 155 147
167 89 172 90
6 97 8 100
97 236 105 236
197 17 199 20
9 0 17 0
25 36 29 37
42 148 47 149
96 113 101 114
28 111 37 111
83 159 94 159
146 134 148 136
166 207 170 208
1 22 2 27
88 225 98 225
108 168 116 168
150 41 151 45
169 226 174 227
118 200 126 200
140 101 148 101
181 195 184 196
182 161 193 161
28 65 28 72
39 179 41 182
117 201 124 201
119 226 129 226
180 35 191 35
158 205 161 206
20 194 29 194
20 231 22 234
43 225 50 225
102 147 109 147
144 154 145 159
6 46 13 46
35 248 40 249
70 67 81 67
125 93 135 93
191 193 199 193
93 236 96 238
97 134 102 135
111 120 122 120
130 186 138 186
165 92 173 92
54 220 62 220
68 234 76 234
166 1 177 1
171 119 174 120
94 188 104 188
97 178 104 178
115 178 125 178
2 1 5 2
2 3 2 14
10 109 18 109
16 75 20 76
37 167 46 167
25 135 26 139
56 175 65 175
85 18 95 18
45 112 49 113
94 14 102 14
107 229 115 229
190 93 198 93
182 210 191 210
43 45 50 45
68 239 69 244
96 34 99 36
97 238 108 238
123 152 125 154
11 204 15 205
28 78 30 81
42 204 51 204
79 107 83 108
93 129 94 132
37 169 46 169
110 78 112 80
140 146 151 146
141 141 149 141
191 26 194 27
68 110 78 110
100 176 110 176
128 100 132 101
131 135 135 136
16 135 24 135
124 169 135 169
144 27 145 30
165 183 168 185
126 178 131 179
175 128 182 128
66 167 76 167
76 2 87 2
76 38 87 38
77 211 82 212
102 68 111 68
57 57 67 57
92 100 102 100
160 230 167 230
170 248 181 248
8 61 12 62
19 0 19 11
25 0 25 8
79 245 87 245
188 172 199 172
166 117 171 118
174 74 178 75
176 162 184 162
4 30 4 41
58 117 69 117
77 25 80 26
107 63 109 65
160 71 168 71
176 203 181 204
180 187 183 188
188 148 198 148
3 69 14 69
116 43 125 43
170 22 172 24
176 180 178 182
190 71 199 71
194 91 198 92
46 53 57 53
54 213 61 213
75 16 82 16
102 50 105 51
188 15 199 15
79 23 83 24
98 130 106 130
98 144 107 144
34 115 44 115
38 45 39 50
39 132 40 137
56 211 59 212
58 217 66 217
110 119 117 119
108 92 110 95
126 14 133 14
132 243 143 243
160 103 168 103
167 204 175 204
14 208 16 211
122 57 130 57
130 166 141 166
134 228 145 228
135 115 146 115
117 133 119 135
166 39 177 39
183 108 193 108
1 77 1 88
12 113 12 124
35 158 39 159
51 135 59 135
68 145 72 146
149 134 159 134
154 223 165 223
3 238 14 238
20 116 31 116
45 100 48 101
103 171 111 171
148 116 155 116
69 60 73 61
141 108 144 110
10 68 17 68
52 110 56 111
156 153 163 153
23 81 27 82
83 218 86 219
107 196 108 199
119 198 122 199
35 31 37 33
133 140 142 140
39 36 43 37
183 62 187 63
116 160 123 160
158 197 159 202
164 218 167 219
3 70 3 81
30 0 30 9
37 44 46 44
82 67 93 67
98 151 106 151
141 125 151 125
185 82 188 83
190 70 199 70
19 208 20 212
65 115 76 115
106 76 110 77
132 184 141 184
134 26 136 28
154 238 161 238
171 139 176 140
173 5 175 7
23 12 27 13
46 248 51 249
54 54 63 54
79 33 86 33
130 187 137 187
86 201 97 201
117 219 125 219
120 203 125 204
1 142 1 153
15 112 15 120
47 134 50 136
69 187 73 188
77 92 80 93
122 46 129 46
147 149 149 151
151 47 154 48
82 243 87 244
183 1 184 4
61 137 69 137
66 46 69 47
72 138 74 140
139 229 149 229
182 185 187 186
6 140 14 140
12 242 23 242
29 72 31 74
155 104 163 104
178 107 182 108
26 0 26 11
56 42 67 42
96 185 106 185
126 32 127 36
124 167 131 167
162 97 167 98
183 125 191 125
3 61 5 64
5 53 13 53
15 69 15 76
44 75 51 75
99 222 110 222
188 165 199 165
10 182 18 182
21 155 28 155
38 116 45 116
79 122 80 126
87 170 96 170
62 213 69 213
69 154 70 157
85 160 96 160
144 132 153 132
168 14 171 16
186 235 189 237
21 52 29 52
87 125 89 127
141 148 150 148
173 209 181 209
178 39 182 40
38 40 49 40
82 171 90 171
154 120 159 121
85 123 92 123
86 96 94 96
89 11 99 11
176 102 187 102
78 52 89 52
194 127 199 128
45 76 46 80
144 188 149 189
160 120 163 121
174 28 185 28
7 127 8 130
8 17 8 25
34 3 37 5
55 96 58 98
89 142 97 142
174 58 182 58
14 53 21 53
16 231 19 233
115 198 118 199
139 49 142 51
157 60 161 61
81 227 82 231
118 73 123 74
165 233 176 233
28 82 37 82
65 55 76 55
69 36 77 36
129 37 133 38
139 168 149 168
33 128 40 128
47 237 48 240
55 85 62 85
176 137 187 137
14 63 15 67
124 246 134 246
148 3 156 3
37 170 45 170
91 215 102 215
138 187 147 187
188 43 199 43
80 160 84 161
118 86 128 86
168 161 179 161
23 238 30 238
57 91 65 91
68 72 76 72
182 122 190 122
21 208 22 212
57 168 60 169
181 20 189 20
188 118 190 121
2 198 2 209
37 119 38 123
149 36 153 37
156 40 158 43
21 26 24 27
29 122 32 123
135 180 142 180
173 45 184 45
65 214 72 214
120 37 128 37
161 51 170 51
194 244 197 246
54 52 65 52
67 96 77 96
102 205 109 205
117 87 118 91
162 111 173 111
187 197 190 198
10 26 18 26
39 174 41 176
50 40 59 40
100 248 103 249
110 57 121 57
179 47 187 47
40 72 49 72
95 96 106 96
106 146 113 146
167 49 172 50
172 52 175 54
73 231 80 231
91 48 100 48
133 148 140 148
145 83 147 85
99 139 103 140
102 239 113 239
113 115 122 115
2 85 2 95
2 125 12 125
20 23 27 23
23 231 25 234
57 27 68 27
166 142 176 142
188 46 199 46
7 161 7 169
15 78 17 81
38 109 46 109
79 98 90 98
121 103 132 103
9 70 9 80
8 182 9 186
88 63 98 63
109 11 119 11
111 203 114 204
33 205 42 205
81 172 84 173
143 162 146 163
157 39 165 39
189 241 191 243
155 80 163 80
184 208 195 208
133 2 141 2
151 49 153 51
182 123 191 123
4 152 5 156
61 168 64 170
129 164 133 165
171 160 182 160
177 243 188 243
14 56 15 59
32 184 34 186
42 221 53 221
141 37 148 37
172 129 181 129
9 100 13 101
26 168 27 171
27 214 38 214
146 243 157 243
162 60 164 63
52 30 57 31
75 177 84 177
82 154 89 154
93 1 100 1
127 242 138 242
26 50 30 51
42 232 42 243
114 94 121 94
175 205 177 208
32 116 37 117
149 90 160 90
110 24 118 24
113 16 124 16
136 93 147 93
158 112 160 114
162 36 171 36
164 131 169 132
182 70 184 73
35 138 40 139
78 50 82 51
78 202 88 202
79 116 82 117
82 1 92 1
184 206 189 207
81 95 91 95
158 74 165 74
173 205 174 208
14 55 22 55
98 152 108 152
130 197 141 197
185 176 186 179
190 74 192 77
9 98 17 98
18 244 27 244
49 38 60 38
59 128 61 130
159 64 164 65
29 41 37 41
128 132 135 132
141 103 150 103
178 210 179 215
178 236 182 237
150 153 153 154
171 188 172 192
23 40 24 45
95 150 106 150
98 138 106 138
111 243 120 243
141 45 149 45
21 186 24 187
33 119 34 123
78 13 88 13
134 133 141 133
165 116 174 116
103 195 112 195
111 174 118 174
118 5 126 5
150 141 159 141
191 194 192 199
28 131 29 136
36 227 46 227
162 238 164 240
165 85 173 85
188 63 199 63
28 99 39 99
62 181 63 185
107 118 118 118
113 53 123 53
140 169 142 171
162 45 172 45
165 4 173 4
162 57 170 57
168 230 175 230
186 191 191 192
36 34 43 34
69 25 72 27
84 120 88 121
125 148 128 149
141 172 143 175
29 0 29 9
138 88 146 88
160 155 169 155
163 56 171 56
177 49 188 49
57 107 66 107
76 75 76 85
138 8 140 10
107 130 114 130
186 164 186 175
15 87 25 87
110 34 113 35
4 70 4 80
69 3 72 4
88 232 96 232
124 212 133 212
36 51 45 51
44 183 47 184
47 185 55 185
64 58 75 58
178 148 187 148
5 103 10 104
111 240 120 240
162 5 165 6
169 152 177 152
48 11 49 15
99 74 102 75
44 36 51 36
117 244 121 245
167 100 169 102
189 150 193 151
50 119 53 120
85 240 87 242
168 96 171 97
21 105 28 105
42 94 49 94
42 191 47 192
49 76 50 79
150 120 153 121
172 56 180 56
172 77 175 78
7 87 11 88
48 110 51 111
55 152 66 152
94 120 97 121
154 153 155 158
86 248 90 249
197 109 199 112
17 37 24 37
38 3 39 7
46 105 55 105
55 165 60 166
61 68 71 68
157 220 165 220
1 187 2 191
56 214 64 214
76 0 87 0
119 156 121 159
151 145 160 145
3 40 3 51
73 174 83 174
81 187 90 187
93 174 102 174
148 221 159 221
149 27 152 28
161 110 172 110
163 209 164 214
44 233 44 243
61 136 68 136
100 13 109 13
161 68 163 70
171 9 173 12
106 183 109 184
162 234 172 234
163 140 165 142
45 206 49 207
51 138 55 139
70 239 72 241
74 185 76 187
85 124 96 124
178 37 189 37
74 88 84 88
168 229 175 229
174 210 175 215
198 100 199 103
13 11 13 22
31 24 32 29
40 91 43 92
153 64 158 65
49 91 52 92
160 221 169 221
179 221 189 221
182 84 187 85
29 65 38 65
79 200 90 200
86 198 97 198
159 115 169 115
18 247 26 247
180 155 191 155
177 197 182 198
189 179 199 179
67 217 77 217
109 231 117 231
120 234 124 235
155 161 158 163
164 153 167 154
70 142 78 142
20 18 21 21
117 224 124 224
157 239 161 240
192 123 195 125
103 243 110 243
188 94 196 94
30 228 34 229
42 22 51 22
73 25 76 26
83 30 92 30
84 80 94 80
69 170 78 170
148 167 157 167
161 55 169 55
188 79 195 79
189 230 194 231
191 73 199 73
61 194 69 194
100 34 102 36
125 72 135 72
156 68 160 69
188 34 196 34
4 230 5 235
75 241 77 244
86 217 97 217
81 25 85 26
110 47 118 47
180 131 183 133
15 60 22 60
26 240 37 240
30 142 37 142
53 182 55 184
68 64 71 65
26 106 28 108
153 58 164 58
176 48 187 48
179 249 188 249
129 157 131 159
23 236 26 237
39 67 46 67
83 236 87 237
92 83 95 84
98 142 105 142
36 145 43 145
42 182 52 182
64 83 69 84
182 238 191 238
160 249 167 249
12 13 12 24
58 142 69 142
118 82 128 82
133 234 136 235
147 162 150 163
32 100 41 100
34 21 42 21
103 133 106 135
131 1 141 1
142 42 145 44
8 161 8 169
31 86 35 87
144 70 148 71
194 0 194 7
93 105 100 105
120 41 129 41
152 45 161 45
100 7 107 7
149 47 150 51
3 237 12 237
44 156 51 156
68 6 78 6
93 240 95 243
98 120 101 121
135 5 143 5
157 222 164 222
20 49 25 50
116 177 127 177
115 45 122 45
117 140 124 140
122 189 123 193
12 2 12 12
21 56 22 59
77 18 84 18
81 122 81 131
99 244 100 247
147 19 156 19
154 30 162 30
30 168 30 175
37 69 45 69
48 3 50 5
123 197 128 198
134 14 145 14
180 87 184 88
6 93 7 96
48 9 51 10
69 21 80 21
90 208 97 208
112 189 121 189
183 9 185 11
173 187 174 190
182 95 184 97
52 204 59 204
115 225 126 225
120 249 127 249
127 52 136 52
130 99 139 99
35 186 44 186
63 21 68 22
131 194 142 194
136 96 147 96
178 138 189 138
46 95 48 98
67 116 78 116
68 7 77 7
99 4 106 4
128 209 132 210
12 43 16 44
13 70 13 81
79 170 86 170
114 60 117 61
184 133 195 133
69 124 70 128
116 139 125 139
135 83 139 84
138 82 147 82
173 61 180 61
42 19 47 20
63 79 66 80
89 62 99 62
92 239 101 239
177 191 178 195
78 96 85 96
91 141 98 141
186 141 190 142
116 73 117 77
117 168 128 168
173 100 175 102
192 217 199 217
115 170 126 170
124 64 129 65
7 60 14 60
45 174 47 176
50 93 57 93
94 108 104 108
104 40 111 40
14 203 22 203
132 208 139 208
143 134 145 136
195 88 198 90
143 24 153 24
37 168 45 168
49 238 50 243
63 145 67 146
100 136 110 136
127 183 131 184
146 12 153 12
19 182 26 182
72 1 81 1
100 16 111 16
114 8 118 9
129 3 136 3
25 163 34 163
34 45 35 49
73 214 80 214
12 171 12 179
67 101 71 102
144 164 149 165
169 145 178 145
139 64 143 65
190 236 198 236
9 13 9 20
30 17 38 17
56 21 61 22
96 244 98 246
124 131 133 131
120 11 127 11
172 67 174 70
196 9 199 11
4 85 4 95
30 193 32 195
75 138 85 138
90 209 101 209
97 232 104 232
22 110 27 111
74 188 81 188
103 32 104 36
179 166 179 177
190 29 199 29
10 48 14 49
24 140 35 140
120 237 131 237
160 129 171 129
189 49 199 49
178 36 189 36
54 37 62 37
105 115 112 115
134 212 145 212
140 249 147 249
174 218 185 218
112 232 116 233
119 209 123 210
1 195 10 195
63 235 63 243
153 190 158 191
172 224 181 224
181 41 191 41
18 0 18 8
19 158 27 158
118 164 120 166
153 25 162 25
154 239 156 242
2 104 2 111
159 76 170 76
163 122 165 124
163 193 168 194
191 116 199 116
91 42 99 42
181 200 188 200
1 194 10 194
9 25 16 25
25 127 33 127
28 109 31 110
35 206 44 206
111 218 122 218
118 44 125 44
77 122 77 130
78 223 85 223
88 85 93 86
99 186 108 186
105 97 113 97
13 172 14 177
61 223 65 224
78 181 81 183
173 183 181 183
30 243 40 243
147 33 149 35
154 84 159 85
179 153 189 153
172 35 174 37
188 62 199 62
34 183 43 183
66 223 77 223
71 195 82 195
93 214 102 214
150 5 151 10
31 189 35 190
48 183 52 184
50 218 61 218
51 238 62 238
97 160 105 160
81 156 89 156
134 38 141 38
10 27 18 27
111 27 114 28
88 49 91 51
141 124 150 124
148 218 155 218
3 216 3 224
5 48 9 49
10 127 11 131
15 31 18 32
78 122 78 131
50 94 59 94
66 175 74 175
75 248 80 249
19 94 26 94
21 75 24 76
179 227 184 228
141 17 144 18
190 204 197 204
155 18 166 18
5 65 8 67
24 239 33 239
61 76 68 76
70 73 81 73
150 84 153 85
17 9 17 16
104 201 108 202
119 24 130 24
157 183 161 184
21 61 21 72
31 21 33 23
121 75 123 77
130 189 138 189
180 17 182 19
2 65 4 67
47 214 55 214
82 188 93 188
95 179 98 180
100 168 107 168
193 104 195 106
55 233 62 233
59 26 68 26
75 89 82 89
115 23 125 23
157 159 161 160
31 50 35 51
52 69 61 69
112 68 114 71
175 69 179 70
174 80 183 80
182 219 185 220
10 168 10 179
35 152 38 154
58 28 65 28
74 228 77 229
77 97 84 97
196 6 199 8
50 162 57 162
83 195 94 195
111 133 113 135
115 196 122 196
135 113 139 114
83 14 86 16
160 47 164 48
178 117 181 118
40 197 49 197
45 215 52 215
103 137 111 137
113 195 123 195
126 188 127 192
75 152 85 152
101 66 110 66
109 25 119 25
173 216 180 216
194 18 196 21
138 179 145 179
22 226 24 228
23 180 27 181
26 67 27 72
67 177 74 177
106 160 115 160
7 246 9 249
26 216 30 217
72 59 80 59
130 198 141 198
17 191 25 191
63 204 68 205
99 81 110 81
110 145 121 145
134 172 137 174
36 86 41 87
80 136 87 136
43 90 53 90
83 150 94 150
143 40 151 40
168 172 171 174
162 197 172 197
3 199 11 199
60 40 64 41
118 69 121 71
122 128 127 129
141 80 144 81
37 246 44 246
149 135 159 135
127 5 134 5
54 232 64 232
158 154 159 158
190 181 199 181
41 196 50 196
88 64 93 65
111 92 113 95
12 206 16 207
132 25 139 25
171 126 179 126
48 20 59 20
167 17 171 18
181 0 191 0
43 33 52 33
138 156 139 161
21 126 32 126
70 9 71 13
106 116 114 116
120 133 123 134
169 193 172 195
45 186 55 186
84 185 95 185
49 125 56 125
69 169 77 169
116 123 117 128
1 108 1 115
99 55 110 55
116 62 118 65
153 172 155 174
5 39 5 47
51 180 62 180
55 156 57 159
124 113 128 114
125 201 132 201
188 169 193 170
9 180 13 181
69 18 76 18
149 89 160 89
150 235 151 239
164 40 168 41
56 235 61 236
66 239 67 244
81 158 88 158
139 206 147 206
165 201 176 201
7 9 7 19
31 216 33 218
43 224 51 224
185 31 190 32
4 157 7 158
37 191 41 192
60 3 61 8
74 77 74 84
75 235 83 235
83 46 94 46
132 199 143 199
142 133 149 133
162 168 169 168
10 108 21 108
13 121 14 125
150 168 157 168
171 211 173 214
177 139 182 140
187 115 194 115
10 197 20 197
105 53 112 53
106 248 113 248
157 97 161 98
169 247 180 247
107 153 108 157
159 100 166 100
164 235 167 236
1 154 1 163
44 27 46 29
56 55 64 55
78 75 78 85
98 102 106 102
165 64 168 65
18 38 26 38
24 149 31 149
89 76 90 79
180 126 188 126
31 8 32 13
158 130 165 130
161 145 168 145
67 152 70 153
121 3 128 3
129 61 139 61
168 243 176 243
112 171 120 171
115 236 122 236
130 122 132 124
161 166 168 166
191 64 199 64
9 102 17 102
55 17 66 17
62 186 67 187
115 102 126 102
185 70 189 71
64 108 74 108
90 149 100 149
91 166 102 166
91 200 99 200
187 39 191 40
16 112 16 120
17 89 21 90
42 8 53 8
106 228 113 228
102 111 110 111
105 188 114 188
153 216 161 216
186 76 187 79
101 37 110 37
116 190 118 193
18 142 29 142
52 68 60 68
52 210 55 212
64 176 72 176
77 162 79 164
19 220 27 220
29 10 30 13
45 102 49 103
148 53 156 53
73 134 77 135
80 35 90 35
110 29 121 29
169 71 176 71
0 20 0 28
95 137 102 137
109 69 111 71
153 111 161 111
162 38 169 38
173 236 177 237
25 40 26 44
35 184 43 184
87 207 89 209
111 136 119 136
131 24 142 24
4 121 5 124
51 150 60 150
111 17 118 17
121 164 124 166
110 221 117 221
173 72 176 73
180 171 181 175
14 147 17 149
29 100 31 102
36 198 43 198
105 21 112 21
108 26 116 26
184 205 195 205
185 88 194 88
3 90 3 101
13 61 17 62
28 168 29 171
178 115 186 115
184 131 195 131
49 177 58 177
168 138 177 138
168 190 170 192
169 149 180 149
188 202 197 202
0 187 0 198
95 80 103 80
127 8 137 8
161 7 162 10
181 205 183 208
35 23 36 27
35 215 44 215
38 82 49 82
118 119 125 119
149 136 157 136
76 246 79 247
88 204 91 205
90 176 99 176
179 93 189 93
4 3 4 11
91 76 93 79
140 160 145 161
160 35 171 35
34 76 42 76
36 94 38 97
72 246 75 247
81 48 90 48
124 76 133 76
3 141 3 150
6 30 6 39
63 96 64 100
116 4 127 4
146 27 148 30
164 59 175 59
50 206 58 206
76 39 87 39
109 38 120 38
121 240 132 240
143 140 151 140
168 137 175 137
182 149 185 151
7 92 15 92
9 168 9 179
37 173 47 173
105 153 106 157
137 39 148 39
152 67 159 67
156 100 158 102
189 81 199 81
1 198 1 209
123 218 130 218
127 106 135 106
133 216 141 216
151 155 153 158
1 197 9 197
75 160 79 161
92 113 95 115
149 70 154 71
160 67 169 67
172 169 173 174
34 222 36 224
64 193 73 193
84 87 91 87
95 116 105 116
171 207 172 210
156 181 160 182
169 40 177 40
194 169 199 170
36 234 37 239
76 112 83 112
96 110 106 110
114 111 121 111
129 234 132 235
170 155 172 157
19 222 23 223
45 127 54 127
89 178 96 178
126 182 135 182
138 210 145 210
34 78 36 81
88 0 99 0
149 39 156 39
166 141 174 141
112 217 123 217
170 27 177 27
176 106 184 106
181 217 191 217
15 2 15 10
73 94 83 94
74 44 83 44
106 246 110 247
149 0 159 0
55 89 65 89
136 36 140 37
77 55 79 57
94 112 102 112
161 99 168 99
163 169 165 171
169 166 178 166
0 45 0 55
78 9 86 9
109 237 119 237
115 181 126 181
125 239 134 239
146 72 155 72
168 19 170 21
37 166 46 166
68 8 75 8
70 62 77 62
100 78 103 79
107 78 109 80
103 122 112 122
146 104 154 104
19 109 27 109
115 246 118 247
130 97 137 97
148 199 153 200
147 213 150 214
4 159 8 160
37 106 44 106
70 178 79 178
85 81 96 81
130 0 138 0
156 219 163 219
175 46 178 47
180 1 182 4
67 99 77 99
70 230 77 230
106 131 115 131
142 68 145 69
147 190 152 191
32 199 34 201
90 68 101 68
114 239 124 239
58 2 65 2
74 126 75 130
119 27 129 27
124 92 131 92
47 169 56 169
69 106 77 106
176 6 181 7
167 177 175 177
192 100 197 101
196 30 199 32
31 56 33 58
48 118 49 122
85 17 95 17
129 82 137 82
144 149 146 151
50 129 54 130
84 146 95 146
112 137 122 137
181 56 188 56
85 122 92 122
118 221 125 221
193 74 195 77
0 172 0 181
20 184 24 185
43 152 54 152
59 11 60 16
162 183 164 185
54 0 63 0
60 9 63 10
154 164 159 165
160 231 168 231
190 65 193 67
186 91 193 91
188 74 189 77
2 96 2 103
53 146 62 146
63 45 72 45
149 67 151 69
182 127 193 127
80 60 84 61
133 62 137 63
25 54 29 55
34 71 45 71
44 231 47 232
51 239 62 239
67 100 77 100
198 0 199 3
30 119 32 121
33 230 40 230
52 34 61 34
63 154 68 155
64 82 71 82
2 182 3 186
103 87 104 91
2 45 2 56
11 2 11 12
37 91 39 93
62 119 67 120
73 103 83 103
126 50 129 51
155 32 158 33
165 238 173 238
169 178 179 178
12 86 14 88
53 148 57 149
124 32 125 36
134 66 142 66
157 53 166 53
185 225 196 225
33 94 35 97
69 173 72 174
79 142 88 142
87 14 90 16
158 167 161 168
151 195 159 195
6 139 15 139
10 30 11 34
91 179 92 184
108 175 119 175
126 244 131 245
3 169 4 172
6 170 6 180
56 138 61 139
121 38 128 38
155 17 166 17
170 241 174 242
174 65 178 66
9 212 16 212
37 216 48 216
84 174 92 174
139 145 150 145
145 181 150 182
5 26 9 27
31 168 31 177
36 241 40 242
146 192 155 192
154 11 158 12
20 120 21 124
68 112 75 112
87 75 94 75
128 11 135 11
135 203 143 203
146 14 155 14
180 38 191 38
3 29 11 29
29 248 34 249
34 220 42 220
48 81 56 81
55 127 62 127
5 107 12 107
81 41 85 42
118 144 125 144
189 187 199 187
32 91 36 92
71 124 72 128
147 175 156 175
169 99 177 99
178 202 187 202
2 15 3 19
67 79 69 81
110 209 118 209
183 57 186 58
2 234 2 245
15 140 23 140
46 116 54 116
46 244 57 244
126 43 131 44
58 64 67 64
84 94 92 94
97 127 100 128
136 205 147 205
53 223 60 223
94 224 105 224
148 119 156 119
173 232 180 232
17 208 18 212
47 17 54 17
86 76 88 79
106 31 114 31
149 208 157 208
18 78 19 81
24 84 34 84
36 62 41 63
58 92 63 93
55 172 62 172
165 7 166 12
139 242 147 242
157 3 167 3
3 82 3 89
15 11 15 22
34 216 36 218
79 110 90 110
97 237 108 237
182 172 182 183
9 188 10 191
34 221 41 221
61 49 68 49
104 246 105 249
125 84 134 84
15 143 23 143
24 222 27 223
68 92 72 93
81 207 86 208
190 221 199 221
14 215 22 215
60 94 68 94
67 215 78 215
127 102 136 102
159 43 170 43
168 98 179 98
14 100 18 101
35 228 38 229
37 0 39 2
72 68 77 69
81 19 88 19
160 158 171 158
184 89 188 90
32 168 32 177
46 189 50 190
58 227 61 228
103 123 105 125
152 6 153 10
123 100 127 101
140 107 147 107
20 118 30 118
24 120 25 124
57 71 67 71
61 103 72 103
114 248 122 248
187 103 197 103
21 24 25 25
125 123 127 126
151 217 162 217
158 209 160 212
166 181 170 182
174 220 181 220
178 15 179 18
2 57 2 64
60 59 71 59
64 3 68 4
85 70 90 71
158 226 163 227
193 194 194 199
14 70 14 81
46 41 51 42
108 126 111 128
123 162 126 163
167 144 177 144
23 132 26 134
25 78 27 80
70 248 74 249
45 233 54 233
100 83 110 83
125 157 128 159
141 90 143 92
22 178 29 178
85 97 95 97
114 133 116 135
149 55 152 57
182 209 191 209
54 86 62 86
77 204 87 204
145 224 155 224
152 246 160 246
8 113 8 124
12 29 14 31
40 193 48 193
143 21 154 21
170 95 181 95
91 165 102 165
185 162 193 162
152 131 163 131
162 27 169 27
31 94 32 97
68 39 75 39
108 249 119 249
123 183 126 184
136 106 143 106
2 131 2 141
63 33 73 33
76 151 85 151
78 240 81 242
144 4 151 4
162 37 171 37
67 236 78 236
71 180 74 181
87 99 91 100
95 164 102 164
122 110 133 110
76 122 76 130
97 90 101 91
127 181 134 181
188 137 198 137
52 9 52 16
109 232 111 235
140 99 148 99
154 205 157 206
187 26 190 27
66 209 77 209
68 202 77 202
120 233 129 233
188 154 196 154
173 200 180 200
192 0 192 11
18 65 19 68
29 124 38 124
46 86 53 86
48 191 55 191
81 190 85 191
131 218 138 218
25 58 28 59
48 157 51 158
99 182 108 182
122 111 133 111
126 90 131 91
106 92 107 95
119 8 126 8
134 143 142 143
41 128 48 128
43 76 44 80
54 82 57 83
78 8 86 8
78 209 86 209
173 127 181 127
69 94 72 95
92 244 95 246
13 178 21 178
36 132 38 135
46 164 49 165
49 39 56 39
54 154 62 154
3 244 8 245
143 73 154 73
112 126 115 128
56 199 60 200
57 78 65 78
117 182 125 182
131 45 140 45
3 239 12 239
143 59 146 60
165 19 167 21
188 186 199 186
150 164 153 165
44 155 54 155
69 134 72 135
75 140 85 140
106 41 110 42
107 206 110 207
151 124 162 124
180 119 181 124
3 164 4 168
57 119 58 122
103 212 105 215
107 225 114 225
148 98 156 98
34 56 36 58
57 47 65 47
107 109 110 110
146 178 151 179
158 23 165 23
76 58 83 58
103 75 112 75
117 108 125 108
184 23 189 24
156 81 164 81
32 60 39 60
51 136 60 136
86 41 90 42
107 33 114 33
123 20 132 20
171 51 178 51
184 164 184 174
11 113 11 124
11 208 13 211
14 45 18 46
40 14 43 15
101 148 104 149
0 152 0 163
30 53 35 54
197 238 199 241
28 137 31 139
61 208 70 208
91 109 95 110
152 99 160 99
162 136 163 139
26 241 35 241
61 11 62 16
89 47 100 47
163 54 171 54
157 86 166 86
21 197 31 197
27 182 38 182
51 45 62 45
74 193 82 193
85 5 92 5
37 164 45 164
110 183 114 184
149 176 157 176
22 167 22 175
58 67 69 67
193 135 198 136
24 172 26 175
47 67 57 67
71 152 74 153
150 193 158 193
178 144 186 144
190 1 190 11
2 37 2 44
39 144 47 144
45 38 48 39
169 41 180 41
183 139 193 139
6 161 6 169
22 89 33 89
59 151 67 151
86 90 87 93
134 77 145 77
70 117 74 118
98 201 103 202
156 15 167 15
1 169 1 178
40 57 48 57
111 109 113 111
183 39 186 40
37 78 39 80
141 94 149 94
155 34 159 35
180 82 184 83
185 95 188 97
64 158 66 160
165 239 172 239
33 193 35 195
63 220 72 220
87 56 94 56
90 168 99 168
176 52 178 54
59 202 67 202
67 29 78 29
126 203 134 203
161 146 168 146
32 203 40 203
74 9 75 13
158 208 165 208
174 110 185 110
156 187 164 187
161 209 162 214
0 241 0 249
43 205 50 205
52 224 60 224
110 200 117 200
118 85 126 85
121 207 131 207
136 177 147 177
145 80 154 80
154 180 163 180
173 107 177 108
67 190 76 190
62 218 71 218
129 148 130 152
150 82 157 82
195 196 197 199
59 96 60 100
62 164 67 165
114 20 122 20
119 30 121 33
165 107 172 107
6 45 13 45
40 58 51 58
89 13 99 13
132 141 135 142
182 124 191 124
0 164 0 171
65 109 72 109
125 58 134 58
163 25 170 25
167 68 169 70
84 153 92 153
158 82 169 82
183 197 186 198
20 22 27 22
44 4 47 5
63 233 70 233
73 122 73 130
84 84 91 84
189 61 199 61
5 145 6 149
54 90 63 90
57 39 67 39
61 96 62 100
118 61 128 61
131 109 140 109
138 19 146 19
8 54 9 57
47 141 56 141
63 60 68 61
103 74 112 74
104 245 111 245
144 199 147 200
146 169 156 169
148 197 153 198
22 130 27 131
34 8 41 8
56 234 67 234
67 211 76 211
70 242 72 244
186 203 189 204
61 32 72 32
95 92 97 94
135 13 146 13
188 171 199 171
137 78 141 79
7 85 10 86
8 219 9 223
11 104 20 104
74 23 78 24
77 185 80 187
1 181 8 181
31 16 41 16
138 176 148 176
143 117 152 117
189 149 199 149
171 25 179 25
180 210 181 213
25 207 35 207
80 246 84 247
107 87 109 90
116 148 117 151
144 11 153 11
160 156 165 157
196 67 199 69
12 231 15 233
37 107 44 107
67 31 74 31
94 20 95 24
108 214 118 214
53 46 56 47
73 92 76 93
99 190 102 192
110 5 117 5
146 215 155 215
146 220 156 220
149 109 158 109
27 146 30 148
56 43 67 43
59 177 66 177
73 37 80 37
137 119 147 119
150 133 161 133
62 34 73 34
80 101 87 101
108 85 113 86
115 141 120 142
142 154 143 159
147 248 157 248
27 213 34 213
87 179 90 180
90 156 94 157
124 78 127 80
146 123 157 123
88 236 92 237
97 70 108 70
126 139 133 139
135 129 146 129
178 156 182 157
130 231 132 233
172 42 179 42
51 178 60 178
59 25 68 25
83 74 94 74
111 163 122 163
117 21 121 22
68 9 69 13
79 127 80 131
125 180 134 180
170 82 179 82
78 144 88 144
84 58 95 58
162 95 169 95
0 87 0 96
1 99 1 107
25 187 34 187
38 211 46 211
40 131 47 131
77 232 87 232
133 49 135 51
50 181 61 181
100 84 110 84
111 176 118 176
116 58 124 58
119 202 130 202
50 197 61 197
94 125 96 127
124 138 132 138
162 159 171 159
190 180 199 180
185 227 196 227
187 65 189 68
25 90 28 92
40 93 49 93
41 88 49 88
51 208 60 208
170 115 177 115
91 41 99 41
104 193 112 193
157 13 168 13
187 14 195 14
122 147 122 156
146 230 150 231
189 178 199 178
31 146 34 147
36 53 40 54
49 65 59 65
104 101 112 101
119 132 127 132
194 209 199 210
78 99 82 100
98 44 107 44
124 133 133 133
14 165 21 165
32 88 40 88
45 140 52 140
99 122 100 126
135 248 146 248
18 97 22 98
76 63 81 64
98 226 109 226
138 124 140 126
192 189 194 192
48 19 57 19
85 161 95 161
160 20 164 21
178 205 180 208
184 117 187 118
133 231 144 231
162 77 167 78
18 51 25 51
49 151 58 151
64 221 75 221
76 19 80 20
100 218 110 218
186 218 188 220
35 38 38 39
41 66 52 66
82 176 89 176
89 229 91 231
170 244 181 244
190 235 198 235
3 112 3 119
7 30 7 39
27 157 36 157
59 225 67 225
155 73 163 73
135 80 140 81
156 16 167 16
182 164 182 171
190 23 195 24
146 126 148 128
17 167 17 177
99 69 108 69
114 114 123 114
126 204 136 204
133 232 137 233
66 147 73 147
120 175 129 175
153 151 160 151
158 7 160 10
19 192 26 192
28 158 31 160
41 53 44 54
177 20 180 21
183 157 192 157
196 12 199 14
70 23 73 24
73 146 83 146
81 141 90 141
91 248 94 249
174 240 181 240
1 220 1 227
136 182 144 182
144 203 153 203
147 78 151 79
178 99 189 99
19 221 27 221
87 196 92 197
122 94 129 94
163 217 170 217
23 9 25 11
36 189 40 190
3 225 3 235
49 114 60 114
159 193 162 194
189 175 199 175
33 208 41 208
148 5 149 10
178 29 189 29
185 43 187 45
29 60 31 63
58 62 69 62
88 169 98 169
153 234 161 234
164 106 175 106
17 35 28 35
54 219 61 219
133 20 142 20
161 147 162 151
165 60 175 60
169 83 179 83
194 38 199 39
9 127 9 135
23 14 27 15
97 38 108 38
142 1 145 2
157 241 160 242
13 23 16 24
69 168 76 168
81 92 85 93
148 15 151 16
148 155 150 158
74 147 82 147
76 41 80 42
85 177 93 177
110 113 113 114
115 152 116 157
64 66 72 66
88 211 91 212
126 219 128 221
132 147 141 147
23 203 31 203
29 30 37 30
94 220 105 220
96 175 107 175
24 198 35 198
72 35 79 35
142 226 153 226
148 187 155 187
40 194 50 194
50 195 59 195
68 129 72 130
158 136 159 140
187 13 195 13
29 43 36 43
132 43 137 44
184 187 188 188
145 238 147 241
154 24 165 24
156 14 167 14
72 101 79 101
82 104 89 104
108 52 116 52
127 225 134 225
138 244 149 244
159 36 161 38
166 94 176 94
175 119 176 124
176 60 187 60
9 21 10 24
11 193 13 196
17 193 19 196
154 6 155 10
78 7 86 7
153 245 164 245
155 70 159 71
187 17 189 19
199 129 199 137
7 1 7 8
51 3 53 5
87 6 89 9
91 98 101 98
187 175 188 179
70 206 77 206
70 213 79 213
95 190 98 192
107 138 115 138
146 5 147 10
35 202 46 202
99 221 109 221
102 113 105 114
179 180 181 182
188 47 199 47
14 225 17 226
42 95 43 98
138 118 146 118
158 83 168 83
197 188 199 191
27 41 28 44
1 215 10 215
43 209 53 209
57 76 60 77
82 3 85 4
162 87 173 87
162 244 169 244
174 84 177 85
7 216 7 223
22 53 29 53
27 200 31 201
50 207 61 207
142 38 150 38
99 225 106 225
133 151 143 151
137 3 147 3
10 35 12 37
31 78 33 81
84 43 89 44
93 122 96 123
95 156 100 157
129 107 139 107
157 107 164 107
180 31 184 32
33 209 42 209
46 68 48 71
62 207 70 207
96 17 100 18
97 228 105 228
35 163 43 163
75 184 86 184
116 215 127 215
182 129 193 129
59 161 66 161
89 227 99 227
175 67 178 68
181 246 185 247
168 112 171 113
1 126 2 130
28 8 28 15
128 77 129 80
144 92 153 92
148 82 149 85
23 224 33 224
100 15 107 15
110 36 121 36
124 12 125 15
161 89 166 90
122 123 124 126
126 152 128 154
92 118 101 118
106 50 110 51
164 68 166 70
172 104 180 104
7 146 14 146
36 207 44 207
114 148 115 151
129 206 138 206
14 106 21 106
39 94 41 97
68 119 79 119
87 53 96 53
46 63 53 63
66 131 77 131
84 40 92 40
88 244 91 245
109 190 112 192
62 129 67 130
67 98 78 98
72 198 76 199
140 211 150 211
172 0 180 0
188 233 198 233
190 224 199 224
23 208 23 215
40 48 51 48
58 182 59 187
103 240 110 240
140 33 143 35
4 112 5 115
13 35 16 37
40 4 43 5
53 28 57 29
70 171 81 171
40 212 51 212
90 148 100 148
129 73 140 73
110 172 120 172
40 178 50 178
44 187 55 187
78 36 87 36
90 240 92 243
95 129 97 132
14 166 24 166
40 150 50 150
43 132 44 137
105 196 106 199
130 41 139 41
2 77 2 84
14 144 23 144
109 60 113 61
135 12 145 12
94 15 99 16
101 82 109 82
112 234 116 235
8 170 8 180
46 55 55 55
47 132 50 133
48 74 55 74
91 186 98 186
164 125 174 125
17 110 21 111
168 153 172 154
172 135 181 135
160 0 171 0
199 141 199 148
86 114 91 115
98 43 106 43
103 6 111 6
119 174 128 174
158 243 167 243
0 220 0 231
18 236 22 237
30 132 32 135
110 205 117 205
181 232 189 232
